This is pdfTeX, Version 3.141592653-2.6-1.40.24 (TeX Live 2022) (preloaded format=pdflatex 2022.12.18)  18 DEC 2022 18:36
entering extended mode
 restricted \write18 enabled.
 %&-line parsing enabled.
**konten-en.tex
(./konten-en.tex
LaTeX2e <2022-11-01> patch level 1
L3 programming layer <2022-11-02>

! LaTeX Error: Environment large undefined.

See the LaTeX manual or LaTeX Companion for explanation.
Type  H <return>  for immediate help.
 ...                                              
                                                  
l.2 \begin{large}
                 
Your command was ignored.
Type  I <command> <return>  to replace it with another command,
or  <return>  to continue without it.


! LaTeX Error: Missing \begin{document}.

See the LaTeX manual or LaTeX Companion for explanation.
Type  H <return>  for immediate help.
 ...                                              
                                                  
l.3   F
       INAL PROJECT PROPOSAL - TD123456
You're in trouble here.  Try typing  <return>  to proceed.
If that doesn't work, type  X <return>  to quit.

Missing character: There is no F in font nullfont!
Missing character: There is no I in font nullfont!
Missing character: There is no N in font nullfont!
Missing character: There is no A in font nullfont!
Missing character: There is no L in font nullfont!
Missing character: There is no P in font nullfont!
Missing character: There is no R in font nullfont!
Missing character: There is no O in font nullfont!
Missing character: There is no J in font nullfont!
Missing character: There is no E in font nullfont!
Missing character: There is no C in font nullfont!
Missing character: There is no T in font nullfont!
Missing character: There is no P in font nullfont!
Missing character: There is no R in font nullfont!
Missing character: There is no O in font nullfont!
Missing character: There is no P in font nullfont!
Missing character: There is no O in font nullfont!
Missing character: There is no S in font nullfont!
Missing character: There is no A in font nullfont!
Missing character: There is no L in font nullfont!
Missing character: There is no - in font nullfont!
Missing character: There is no T in font nullfont!
Missing character: There is no D in font nullfont!
Missing character: There is no 1 in font nullfont!
Missing character: There is no 2 in font nullfont!
Missing character: There is no 3 in font nullfont!
Missing character: There is no 4 in font nullfont!
Missing character: There is no 5 in font nullfont!
Missing character: There is no 6 in font nullfont!

! LaTeX Error: \begin{document} ended by \end{large}.

See the LaTeX manual or LaTeX Companion for explanation.
Type  H <return>  for immediate help.
 ...                                              
                                                  
l.4 \end{large}
               
Your command was ignored.
Type  I <command> <return>  to replace it with another command,
or  <return>  to continue without it.


Overfull \hbox (20.0pt too wide) in paragraph at lines 3--5
[]
 []


! LaTeX Error: Environment spacing undefined.

See the LaTeX manual or LaTeX Companion for explanation.
Type  H <return>  for immediate help.
 ...                                              
                                                  
l.9 \begin{spacing}
                   {1.5}
Your command was ignored.
Type  I <command> <return>  to replace it with another command,
or  <return>  to continue without it.


! LaTeX Error: Missing \begin{document}.

See the LaTeX manual or LaTeX Companion for explanation.
Type  H <return>  for immediate help.
 ...                                              
                                                  
l.9 \begin{spacing}{1
                     .5}
You're in trouble here.  Try typing  <return>  to proceed.
If that doesn't work, type  X <return>  to quit.

Missing character: There is no 1 in font nullfont!
Missing character: There is no . in font nullfont!
Missing character: There is no 5 in font nullfont!

! LaTeX Error: Environment Large undefined.

See the LaTeX manual or LaTeX Companion for explanation.
Type  H <return>  for immediate help.
 ...                                              
                                                  
l.10   \begin{Large}
                    
Your command was ignored.
Type  I <command> <return>  to replace it with another command,
or  <return>  to continue without it.

Missing character: There is no D in font nullfont!
Missing character: There is no E in font nullfont!
Missing character: There is no V in font nullfont!
Missing character: There is no E in font nullfont!
Missing character: There is no L in font nullfont!
Missing character: There is no O in font nullfont!
Missing character: There is no P in font nullfont!
Missing character: There is no M in font nullfont!
Missing character: There is no E in font nullfont!
Missing character: There is no N in font nullfont!
Missing character: There is no T in font nullfont!
Missing character: There is no O in font nullfont!
Missing character: There is no F in font nullfont!
Missing character: There is no I in font nullfont!
Missing character: There is no N in font nullfont!
Missing character: There is no D in font nullfont!
Missing character: There is no O in font nullfont!
Missing character: There is no O in font nullfont!
Missing character: There is no R in font nullfont!
Missing character: There is no B in font nullfont!
Missing character: There is no A in font nullfont!
Missing character: There is no S in font nullfont!
Missing character: There is no E in font nullfont!
Missing character: There is no D in font nullfont!
Missing character: There is no O in font nullfont!
Missing character: There is no N in font nullfont!

! LaTeX Error: \begin{document} ended by \end{Large}.

See the LaTeX manual or LaTeX Companion for explanation.
Type  H <return>  for immediate help.
 ...                                              
                                                  
l.12   \end{Large}
                  
Your command was ignored.
Type  I <command> <return>  to replace it with another command,
or  <return>  to continue without it.


! LaTeX Error: \begin{document} ended by \end{spacing}.

See the LaTeX manual or LaTeX Companion for explanation.
Type  H <return>  for immediate help.
 ...                                              
                                                  
l.13 \end{spacing}
                  
Your command was ignored.
Type  I <command> <return>  to replace it with another command,
or  <return>  to continue without it.


Overfull \hbox (20.0pt too wide) in paragraph at lines 9--14
[]
 []


Overfull \hbox (17.2832pt too wide) in paragraph at lines 9--14
\OT1/cmr/m/it/10 UL-
 []


Overfull \hbox (25.46094pt too wide) in paragraph at lines 9--14
\OT1/cmr/m/it/10 TRA-
 []


Overfull \hbox (31.73314pt too wide) in paragraph at lines 9--14
\OT1/cmr/m/it/10 SONIC
 []


Overfull \hbox (57.61076pt too wide) in paragraph at lines 9--14
\OT1/cmr/m/it/10 ANEMOME-
 []


Overfull \hbox (21.2332pt too wide) in paragraph at lines 9--14
\OT1/cmr/m/it/10 TER
 []


Overfull \hbox (30.71092pt too wide) in paragraph at lines 9--14
\OT1/cmr/m/it/10 RASP-
 []


Overfull \hbox (35.07758pt too wide) in paragraph at lines 9--14
\OT1/cmr/m/it/10 BERRY
 []


Overfull \hbox (10.63882pt too wide) in paragraph at lines 9--14
\OT1/cmr/m/it/10 PI
 []


Overfull \hbox (25.46095pt too wide) in paragraph at lines 9--14
\OT1/cmr/m/it/10 PICO
 []


! LaTeX Error: Environment large undefined.

See the LaTeX manual or LaTeX Companion for explanation.
Type  H <return>  for immediate help.
 ...                                              
                                                  
l.18 \begin{large}
                  
Your command was ignored.
Type  I <command> <return>  to replace it with another command,
or  <return>  to continue without it.


! LaTeX Error: Missing \begin{document}.

See the LaTeX manual or LaTeX Companion for explanation.
Type  H <return>  for immediate help.
 ...                                              
                                                  
l.19   G
        hiyas Ash-Shidiqie Rismawan \\
You're in trouble here.  Try typing  <return>  to proceed.
If that doesn't work, type  X <return>  to quit.

Missing character: There is no G in font nullfont!
Missing character: There is no h in font nullfont!
Missing character: There is no i in font nullfont!
Missing character: There is no y in font nullfont!
Missing character: There is no a in font nullfont!
Missing character: There is no s in font nullfont!
Missing character: There is no A in font nullfont!
Missing character: There is no s in font nullfont!
Missing character: There is no h in font nullfont!
Missing character: There is no - in font nullfont!
Missing character: There is no S in font nullfont!
Missing character: There is no h in font nullfont!
Missing character: There is no i in font nullfont!
Missing character: There is no d in font nullfont!
Missing character: There is no i in font nullfont!
Missing character: There is no q in font nullfont!
Missing character: There is no i in font nullfont!
Missing character: There is no e in font nullfont!
Missing character: There is no R in font nullfont!
Missing character: There is no i in font nullfont!
Missing character: There is no s in font nullfont!
Missing character: There is no m in font nullfont!
Missing character: There is no a in font nullfont!
Missing character: There is no w in font nullfont!
Missing character: There is no a in font nullfont!
Missing character: There is no n in font nullfont!

! LaTeX Error: \begin{document} ended by \end{large}.

See the LaTeX manual or LaTeX Companion for explanation.
Type  H <return>  for immediate help.
 ...                                              
                                                  
l.21 \end{large}
                
Your command was ignored.
Type  I <command> <return>  to replace it with another command,
or  <return>  to continue without it.


Overfull \hbox (20.0pt too wide) in paragraph at lines 19--22
[]
 []


Overfull \hbox (21.6667pt too wide) in paragraph at lines 19--22
\OT1/cmr/m/n/10 NRP
 []


Overfull \hbox (20.00006pt too wide) in paragraph at lines 19--22
\OT1/cmr/m/n/10 0721
 []


Overfull \hbox (10.00003pt too wide) in paragraph at lines 19--22
\OT1/cmr/m/n/10 19
 []


Overfull \hbox (20.00006pt too wide) in paragraph at lines 19--22
\OT1/cmr/m/n/10 4000
 []


Overfull \hbox (20.00006pt too wide) in paragraph at lines 19--22
\OT1/cmr/m/n/10 0014
 []


! LaTeX Error: Environment large undefined.

See the LaTeX manual or LaTeX Companion for explanation.
Type  H <return>  for immediate help.
 ...                                              
                                                  
l.26 \begin{large}
                  
Your command was ignored.
Type  I <command> <return>  to replace it with another command,
or  <return>  to continue without it.


! LaTeX Error: Missing \begin{document}.

See the LaTeX manual or LaTeX Companion for explanation.
Type  H <return>  for immediate help.
 ...                                              
                                                  
l.27   \textnormal{Advisor}
                            \\
You're in trouble here.  Try typing  <return>  to proceed.
If that doesn't work, type  X <return>  to quit.

Missing character: There is no D in font nullfont!
Missing character: There is no i in font nullfont!
Missing character: There is no o in font nullfont!
Missing character: There is no n in font nullfont!
Missing character: There is no H in font nullfont!
Missing character: There is no a in font nullfont!
Missing character: There is no y in font nullfont!
Missing character: There is no u in font nullfont!
Missing character: There is no F in font nullfont!
Missing character: There is no a in font nullfont!
Missing character: There is no n in font nullfont!
Missing character: There is no d in font nullfont!
Missing character: There is no i in font nullfont!
Missing character: There is no a in font nullfont!
Missing character: There is no n in font nullfont!
Missing character: There is no t in font nullfont!
Missing character: There is no o in font nullfont!
Missing character: There is no r in font nullfont!
Missing character: There is no o in font nullfont!
Missing character: There is no , in font nullfont!
Missing character: There is no S in font nullfont!
Missing character: There is no . in font nullfont!
Missing character: There is no T in font nullfont!
Missing character: There is no . in font nullfont!
Missing character: There is no , in font nullfont!
Missing character: There is no M in font nullfont!
Missing character: There is no . in font nullfont!
Missing character: There is no E in font nullfont!
Missing character: There is no n in font nullfont!
Missing character: There is no g in font nullfont!
Missing character: There is no . in font nullfont!
Missing character: There is no A in font nullfont!
Missing character: There is no r in font nullfont!
Missing character: There is no i in font nullfont!
Missing character: There is no e in font nullfont!
Missing character: There is no f in font nullfont!
Missing character: There is no K in font nullfont!
Missing character: There is no u in font nullfont!
Missing character: There is no r in font nullfont!
Missing character: There is no n in font nullfont!
Missing character: There is no i in font nullfont!
Missing character: There is no a in font nullfont!
Missing character: There is no w in font nullfont!
Missing character: There is no a in font nullfont!
Missing character: There is no n in font nullfont!
Missing character: There is no , in font nullfont!
Missing character: There is no S in font nullfont!
Missing character: There is no . in font nullfont!
Missing character: There is no T in font nullfont!
Missing character: There is no , in font nullfont!
Missing character: There is no M in font nullfont!
Missing character: There is no . in font nullfont!
Missing character: There is no T in font nullfont!
Missing character: There is no . in font nullfont!

! LaTeX Error: \begin{document} ended by \end{large}.

See the LaTeX manual or LaTeX Companion for explanation.
Type  H <return>  for immediate help.
 ...                                              
                                                  
l.32 \end{large}
                
Your command was ignored.
Type  I <command> <return>  to replace it with another command,
or  <return>  to continue without it.


Overfull \hbox (53.9723pt too wide) in paragraph at lines 27--33
[]\OT1/cmr/m/n/10 Advisor 
 []


Overfull \hbox (17.9167pt too wide) in paragraph at lines 27--33
\OT1/cmr/m/n/10 NIP
 []


Overfull \hbox (70.00021pt too wide) in paragraph at lines 27--33
\OT1/cmr/m/n/10 19680601199512
 []


Overfull \hbox (5.00002pt too wide) in paragraph at lines 27--33
\OT1/cmr/m/n/10 1
 []


Overfull \hbox (15.00005pt too wide) in paragraph at lines 27--33
\OT1/cmr/m/n/10 009 
 []


Overfull \hbox (17.9167pt too wide) in paragraph at lines 27--33
\OT1/cmr/m/n/10 NIP
 []


Overfull \hbox (70.00021pt too wide) in paragraph at lines 27--33
\OT1/cmr/m/n/10 19740907200212
 []


Overfull \hbox (5.00002pt too wide) in paragraph at lines 27--33
\OT1/cmr/m/n/10 1
 []


Overfull \hbox (15.00005pt too wide) in paragraph at lines 27--33
\OT1/cmr/m/n/10 001
 []


! LaTeX Error: Missing \begin{document}.

See the LaTeX manual or LaTeX Companion for explanation.
Type  H <return>  for immediate help.
 ...                                              
                                                  
l.37 U
      ndergraduate Study Program of Computer Engineering \\
You're in trouble here.  Try typing  <return>  to proceed.
If that doesn't work, type  X <return>  to quit.

Missing character: There is no U in font nullfont!
Missing character: There is no n in font nullfont!
Missing character: There is no d in font nullfont!
Missing character: There is no e in font nullfont!
Missing character: There is no r in font nullfont!
Missing character: There is no g in font nullfont!
Missing character: There is no r in font nullfont!
Missing character: There is no a in font nullfont!
Missing character: There is no d in font nullfont!
Missing character: There is no u in font nullfont!
Missing character: There is no a in font nullfont!
Missing character: There is no t in font nullfont!
Missing character: There is no e in font nullfont!
Missing character: There is no S in font nullfont!
Missing character: There is no t in font nullfont!
Missing character: There is no u in font nullfont!
Missing character: There is no d in font nullfont!
Missing character: There is no y in font nullfont!
Missing character: There is no P in font nullfont!
Missing character: There is no r in font nullfont!
Missing character: There is no o in font nullfont!
Missing character: There is no g in font nullfont!
Missing character: There is no r in font nullfont!
Missing character: There is no a in font nullfont!
Missing character: There is no m in font nullfont!
Missing character: There is no o in font nullfont!
Missing character: There is no f in font nullfont!
Missing character: There is no C in font nullfont!
Missing character: There is no o in font nullfont!
Missing character: There is no m in font nullfont!
Missing character: There is no p in font nullfont!
Missing character: There is no u in font nullfont!
Missing character: There is no t in font nullfont!
Missing character: There is no e in font nullfont!
Missing character: There is no r in font nullfont!
Missing character: There is no E in font nullfont!
Missing character: There is no n in font nullfont!
Missing character: There is no g in font nullfont!
Missing character: There is no i in font nullfont!
Missing character: There is no n in font nullfont!
Missing character: There is no e in font nullfont!
Missing character: There is no e in font nullfont!
Missing character: There is no r in font nullfont!
Missing character: There is no i in font nullfont!
Missing character: There is no n in font nullfont!
Missing character: There is no g in font nullfont!

Overfull \hbox (20.0pt too wide) in paragraph at lines 37--38
[]
 []


! LaTeX Error: Missing \begin{document}.

See the LaTeX manual or LaTeX Companion for explanation.
Type  H <return>  for immediate help.
 ...                                              
                                                  
l.41 D
      epartment of Computer Engineering \\
You're in trouble here.  Try typing  <return>  to proceed.
If that doesn't work, type  X <return>  to quit.


Overfull \hbox (72.38899pt too wide) in paragraph at lines 41--44
[]\OT1/cmr/m/n/10 Department
 []


Overfull \hbox (8.05559pt too wide) in paragraph at lines 41--44
\OT1/cmr/m/n/10 of
 []


Overfull \hbox (23.88893pt too wide) in paragraph at lines 41--44
\OT1/cmr/m/n/10 Com-
 []


Overfull \hbox (23.36116pt too wide) in paragraph at lines 41--44
\OT1/cmr/m/n/10 puter
 []


Overfull \hbox (15.69447pt too wide) in paragraph at lines 41--44
\OT1/cmr/m/n/10 En-
 []


Overfull \hbox (11.11113pt too wide) in paragraph at lines 41--44
\OT1/cmr/m/n/10 gi-
 []


Overfull \hbox (21.69446pt too wide) in paragraph at lines 41--44
\OT1/cmr/m/n/10 neer-
 []


Overfull \hbox (13.33337pt too wide) in paragraph at lines 41--44
\OT1/cmr/m/n/10 ing 
 []


Overfull \hbox (32.36119pt too wide) in paragraph at lines 41--44
\OT1/cmr/m/n/10 Faculty
 []


Overfull \hbox (8.05559pt too wide) in paragraph at lines 41--44
\OT1/cmr/m/n/10 of
 []


Overfull \hbox (12.50002pt too wide) in paragraph at lines 41--44
\OT1/cmr/m/n/10 In-
 []


Overfull \hbox (14.44446pt too wide) in paragraph at lines 41--44
\OT1/cmr/m/n/10 tel-
 []


Overfull \hbox (10.55556pt too wide) in paragraph at lines 41--44
\OT1/cmr/m/n/10 le-
 []


Overfull \hbox (18.61115pt too wide) in paragraph at lines 41--44
\OT1/cmr/m/n/10 gent
 []


Overfull \hbox (21.80557pt too wide) in paragraph at lines 41--44
\OT1/cmr/m/n/10 Elec-
 []


Overfull \hbox (13.91669pt too wide) in paragraph at lines 41--44
\OT1/cmr/m/n/10 tri-
 []


Overfull \hbox (12.22224pt too wide) in paragraph at lines 41--44
\OT1/cmr/m/n/10 cal
 []


Overfull \hbox (16.11116pt too wide) in paragraph at lines 41--44
\OT1/cmr/m/n/10 and
 []


Overfull \hbox (12.50002pt too wide) in paragraph at lines 41--44
\OT1/cmr/m/n/10 In-
 []


Overfull \hbox (15.30559pt too wide) in paragraph at lines 41--44
\OT1/cmr/m/n/10 for-
 []


Overfull \hbox (20.5556pt too wide) in paragraph at lines 41--44
\OT1/cmr/m/n/10 mat-
 []


Overfull \hbox (11.16667pt too wide) in paragraph at lines 41--44
\OT1/cmr/m/n/10 ics
 []


Overfull \hbox (23.88889pt too wide) in paragraph at lines 41--44
\OT1/cmr/m/n/10 Tech-
 []


Overfull \hbox (16.6667pt too wide) in paragraph at lines 41--44
\OT1/cmr/m/n/10 nol-
 []


Overfull \hbox (15.27783pt too wide) in paragraph at lines 41--44
\OT1/cmr/m/n/10 ogy 
 []


Overfull \hbox (35.00009pt too wide) in paragraph at lines 41--44
\OT1/cmr/m/n/10 Sepuluh
 []


Overfull \hbox (34.44452pt too wide) in paragraph at lines 41--44
\OT1/cmr/m/n/10 Nopem-
 []


Overfull \hbox (14.19447pt too wide) in paragraph at lines 41--44
\OT1/cmr/m/n/10 ber
 []


Overfull \hbox (12.50002pt too wide) in paragraph at lines 41--44
\OT1/cmr/m/n/10 In-
 []


Overfull \hbox (13.94446pt too wide) in paragraph at lines 41--44
\OT1/cmr/m/n/10 sti-
 []


Overfull \hbox (17.77782pt too wide) in paragraph at lines 41--44
\OT1/cmr/m/n/10 tute
 []


Overfull \hbox (8.05559pt too wide) in paragraph at lines 41--44
\OT1/cmr/m/n/10 of
 []


Overfull \hbox (23.88889pt too wide) in paragraph at lines 41--44
\OT1/cmr/m/n/10 Tech-
 []


Overfull \hbox (16.6667pt too wide) in paragraph at lines 41--44
\OT1/cmr/m/n/10 nol-
 []


Overfull \hbox (15.27783pt too wide) in paragraph at lines 41--44
\OT1/cmr/m/n/10 ogy 
 []


! LaTeX Error: Missing \begin{document}.

See the LaTeX manual or LaTeX Companion for explanation.
Type  H <return>  for immediate help.
 ...                                              
                                                  
l.46 S
      urabaya \\
You're in trouble here.  Try typing  <return>  to proceed.
If that doesn't work, type  X <return>  to quit.


Overfull \hbox (60.30566pt too wide) in paragraph at lines 46--48
[]\OT1/cmr/m/n/10 Surabaya 
 []


Overfull \hbox (20.00006pt too wide) in paragraph at lines 46--48
\OT1/cmr/m/n/10 2022 
 []

)
! Emergency stop.
<*> konten-en.tex
                 
*** (job aborted, no legal \end found)

 
Here is how much of TeX's memory you used:
 22 strings out of 474968
 442 string characters out of 5780080
 344101 words of memory out of 5000000
 21627 multiletter control sequences out of 15000+600000
 469605 words of font info for 29 fonts, out of 8000000 for 9000
 1141 hyphenation exceptions out of 8191
 14i,1n,12p,133b,75s stack positions out of 10000i,1000n,20000p,200000b,200000s
!  ==> Fatal error occurred, no output PDF file produced!
